00:25:47.126 [restartedMain] INFO  k.l.r.RailwayTicketsApplication - Starting RailwayTicketsApplication using Java 23.0.1 with PID 28352 (D:\repos\KPP\Lab6\railwaytickets\target\classes started by w3stn in D:\repos\KPP\Lab6\railwaytickets)
00:25:47.223 [restartedMain] INFO  k.l.r.RailwayTicketsApplication - No active profile set, falling back to 1 default profile: "default"
00:25:47.308 [restartedMain] INFO  o.s.b.d.e.DevToolsPropertyDefaultsPostProcessor - Devtools property defaults active! Set 'spring.devtools.add-properties' to 'false' to disable
00:25:47.308 [restartedMain] INFO  o.s.b.d.e.DevToolsPropertyDefaultsPostProcessor - For additional web related logging consider setting the 'logging.level.web' property to 'DEBUG'
00:25:49.157 [restartedMain] INFO  o.s.b.w.e.tomcat.TomcatWebServer - Tomcat initialized with port 8080 (http)
00:25:49.171 [restartedMain] INFO  o.a.coyote.http11.Http11NioProtocol - Initializing ProtocolHandler ["http-nio-8080"]
00:25:49.174 [restartedMain] INFO  o.a.catalina.core.StandardService - Starting service [Tomcat]
00:25:49.176 [restartedMain] INFO  o.a.catalina.core.StandardEngine - Starting Servlet engine: [Apache Tomcat/10.1.30]
00:25:49.243 [restartedMain] INFO  o.a.c.c.C.[Tomcat].[localhost].[/] - Initializing Spring embedded WebApplicationContext
00:25:49.243 [restartedMain] INFO  o.s.b.w.s.c.ServletWebServerApplicationContext - Root WebApplicationContext: initialization completed in 1934 ms
00:25:49.532 [restartedMain] INFO  c.c.socketio.SocketIOServer - Session store / pubsub factory used: MemoryStoreFactory (local session store only)
00:25:49.748 [nioEventLoopGroup-2-1] INFO  c.c.socketio.SocketIOServer - SocketIO server started at port: 8082
00:25:50.313 [restartedMain] INFO  o.s.b.d.a.OptionalLiveReloadServer - LiveReload server is running on port 35729
00:25:50.330 [restartedMain] INFO  o.a.coyote.http11.Http11NioProtocol - Starting ProtocolHandler ["http-nio-8080"]
00:25:50.346 [restartedMain] INFO  o.s.b.w.e.tomcat.TomcatWebServer - Tomcat started on port 8080 (http) with context path '/'
00:25:50.355 [restartedMain] INFO  k.l.r.RailwayTicketsApplication - Started RailwayTicketsApplication in 3.666 seconds (process running for 5.427)
02:19:09.542 [restartedMain] INFO  k.l.r.RailwayTicketsApplication - Starting RailwayTicketsApplication using Java 23.0.1 with PID 21352 (D:\repos\KPP\Lab6\railwaytickets\target\classes started by w3stn in D:\repos\KPP\Lab6\railwaytickets)
02:19:09.561 [restartedMain] INFO  k.l.r.RailwayTicketsApplication - No active profile set, falling back to 1 default profile: "default"
02:19:09.670 [restartedMain] INFO  o.s.b.d.e.DevToolsPropertyDefaultsPostProcessor - Devtools property defaults active! Set 'spring.devtools.add-properties' to 'false' to disable
02:19:09.670 [restartedMain] INFO  o.s.b.d.e.DevToolsPropertyDefaultsPostProcessor - For additional web related logging consider setting the 'logging.level.web' property to 'DEBUG'
02:19:11.572 [restartedMain] INFO  o.s.b.w.e.tomcat.TomcatWebServer - Tomcat initialized with port 8080 (http)
02:19:11.587 [restartedMain] INFO  o.a.coyote.http11.Http11NioProtocol - Initializing ProtocolHandler ["http-nio-8080"]
02:19:11.590 [restartedMain] INFO  o.a.catalina.core.StandardService - Starting service [Tomcat]
02:19:11.591 [restartedMain] INFO  o.a.catalina.core.StandardEngine - Starting Servlet engine: [Apache Tomcat/10.1.30]
02:19:11.650 [restartedMain] INFO  o.a.c.c.C.[Tomcat].[localhost].[/] - Initializing Spring embedded WebApplicationContext
02:19:11.650 [restartedMain] INFO  o.s.b.w.s.c.ServletWebServerApplicationContext - Root WebApplicationContext: initialization completed in 1979 ms
02:19:11.897 [restartedMain] INFO  c.c.socketio.SocketIOServer - Session store / pubsub factory used: MemoryStoreFactory (local session store only)
02:19:12.136 [nioEventLoopGroup-2-1] INFO  c.c.socketio.SocketIOServer - SocketIO server started at port: 8082
02:19:12.780 [restartedMain] INFO  o.s.b.d.a.OptionalLiveReloadServer - LiveReload server is running on port 35729
02:19:12.800 [restartedMain] INFO  o.a.coyote.http11.Http11NioProtocol - Starting ProtocolHandler ["http-nio-8080"]
02:19:12.814 [restartedMain] INFO  o.s.b.w.e.tomcat.TomcatWebServer - Tomcat started on port 8080 (http) with context path '/'
02:19:12.824 [restartedMain] INFO  k.l.r.RailwayTicketsApplication - Started RailwayTicketsApplication in 3.966 seconds (process running for 6.294)
02:20:37.940 [SpringApplicationShutdownHook] INFO  c.c.socketio.SocketIOServer - SocketIO server stopped
02:20:55.314 [restartedMain] INFO  k.l.r.RailwayTicketsApplication - Starting RailwayTicketsApplication using Java 23.0.1 with PID 28232 (D:\repos\KPP\Lab6\railwaytickets\target\classes started by w3stn in D:\repos\KPP\Lab6\railwaytickets)
02:20:55.317 [restartedMain] INFO  k.l.r.RailwayTicketsApplication - No active profile set, falling back to 1 default profile: "default"
02:20:55.431 [restartedMain] INFO  o.s.b.d.e.DevToolsPropertyDefaultsPostProcessor - Devtools property defaults active! Set 'spring.devtools.add-properties' to 'false' to disable
02:20:55.432 [restartedMain] INFO  o.s.b.d.e.DevToolsPropertyDefaultsPostProcessor - For additional web related logging consider setting the 'logging.level.web' property to 'DEBUG'
02:20:56.882 [restartedMain] INFO  o.s.b.w.e.tomcat.TomcatWebServer - Tomcat initialized with port 8080 (http)
02:20:56.893 [restartedMain] INFO  o.a.coyote.http11.Http11NioProtocol - Initializing ProtocolHandler ["http-nio-8080"]
02:20:56.897 [restartedMain] INFO  o.a.catalina.core.StandardService - Starting service [Tomcat]
02:20:56.898 [restartedMain] INFO  o.a.catalina.core.StandardEngine - Starting Servlet engine: [Apache Tomcat/10.1.30]
02:20:56.952 [restartedMain] INFO  o.a.c.c.C.[Tomcat].[localhost].[/] - Initializing Spring embedded WebApplicationContext
02:20:56.953 [restartedMain] INFO  o.s.b.w.s.c.ServletWebServerApplicationContext - Root WebApplicationContext: initialization completed in 1519 ms
02:20:57.158 [restartedMain] INFO  c.c.socketio.SocketIOServer - Session store / pubsub factory used: MemoryStoreFactory (local session store only)
02:20:57.392 [nioEventLoopGroup-2-1] INFO  c.c.socketio.SocketIOServer - SocketIO server started at port: 8082
02:20:57.953 [restartedMain] INFO  o.s.b.d.a.OptionalLiveReloadServer - LiveReload server is running on port 35729
02:20:57.974 [restartedMain] INFO  o.a.coyote.http11.Http11NioProtocol - Starting ProtocolHandler ["http-nio-8080"]
02:20:57.984 [restartedMain] INFO  o.s.b.w.e.tomcat.TomcatWebServer - Tomcat started on port 8080 (http) with context path '/'
02:20:57.992 [restartedMain] INFO  k.l.r.RailwayTicketsApplication - Started RailwayTicketsApplication in 3.248 seconds (process running for 4.719)
02:21:17.077 [http-nio-8080-exec-1] INFO  o.a.c.c.C.[Tomcat].[localhost].[/] - Initializing Spring DispatcherServlet 'dispatcherServlet'
02:21:17.079 [http-nio-8080-exec-1] INFO  o.s.web.servlet.DispatcherServlet - Initializing Servlet 'dispatcherServlet'
02:21:17.079 [http-nio-8080-exec-1] INFO  o.s.web.servlet.DispatcherServlet - Completed initialization in 0 ms
02:21:17.199 [http-nio-8080-exec-1] ERROR k.l.r.RailwayTicketsApplication - Startup validation violations: [Invalid max clients number (too great)]
02:23:34.783 [SpringApplicationShutdownHook] INFO  c.c.socketio.SocketIOServer - SocketIO server stopped
02:23:53.028 [restartedMain] INFO  k.l.r.RailwayTicketsApplication - Starting RailwayTicketsApplication using Java 23.0.1 with PID 23892 (D:\repos\KPP\Lab6\railwaytickets\target\classes started by w3stn in D:\repos\KPP\Lab6\railwaytickets)
02:23:53.029 [restartedMain] INFO  k.l.r.RailwayTicketsApplication - No active profile set, falling back to 1 default profile: "default"
02:23:53.097 [restartedMain] INFO  o.s.b.d.e.DevToolsPropertyDefaultsPostProcessor - Devtools property defaults active! Set 'spring.devtools.add-properties' to 'false' to disable
02:23:53.097 [restartedMain] INFO  o.s.b.d.e.DevToolsPropertyDefaultsPostProcessor - For additional web related logging consider setting the 'logging.level.web' property to 'DEBUG'
02:23:54.312 [restartedMain] INFO  o.s.b.w.e.tomcat.TomcatWebServer - Tomcat initialized with port 8080 (http)
02:23:54.322 [restartedMain] INFO  o.a.coyote.http11.Http11NioProtocol - Initializing ProtocolHandler ["http-nio-8080"]
02:23:54.325 [restartedMain] INFO  o.a.catalina.core.StandardService - Starting service [Tomcat]
02:23:54.326 [restartedMain] INFO  o.a.catalina.core.StandardEngine - Starting Servlet engine: [Apache Tomcat/10.1.30]
02:23:54.378 [restartedMain] INFO  o.a.c.c.C.[Tomcat].[localhost].[/] - Initializing Spring embedded WebApplicationContext
02:23:54.378 [restartedMain] INFO  o.s.b.w.s.c.ServletWebServerApplicationContext - Root WebApplicationContext: initialization completed in 1279 ms
02:23:54.566 [restartedMain] INFO  c.c.socketio.SocketIOServer - Session store / pubsub factory used: MemoryStoreFactory (local session store only)
02:23:54.778 [nioEventLoopGroup-2-1] INFO  c.c.socketio.SocketIOServer - SocketIO server started at port: 8082
02:23:55.299 [restartedMain] INFO  o.s.b.d.a.OptionalLiveReloadServer - LiveReload server is running on port 35729
02:23:55.319 [restartedMain] INFO  o.a.coyote.http11.Http11NioProtocol - Starting ProtocolHandler ["http-nio-8080"]
02:23:55.329 [restartedMain] INFO  o.s.b.w.e.tomcat.TomcatWebServer - Tomcat started on port 8080 (http) with context path '/'
02:23:55.337 [restartedMain] INFO  k.l.r.RailwayTicketsApplication - Started RailwayTicketsApplication in 2.732 seconds (process running for 3.738)
02:24:00.069 [http-nio-8080-exec-1] INFO  o.a.c.c.C.[Tomcat].[localhost].[/] - Initializing Spring DispatcherServlet 'dispatcherServlet'
02:24:00.069 [http-nio-8080-exec-1] INFO  o.s.web.servlet.DispatcherServlet - Initializing Servlet 'dispatcherServlet'
02:24:00.070 [http-nio-8080-exec-1] INFO  o.s.web.servlet.DispatcherServlet - Completed initialization in 1 ms
02:24:03.696 [http-nio-8080-exec-5] ERROR k.l.r.RailwayTicketsApplication - Configuration key not found in the configuration clientGenerator\equal\generationTimeMs.
02:24:03.698 [http-nio-8080-exec-5] ERROR o.a.c.c.C.[.[.[.[dispatcherServlet] - Servlet.service() for servlet [dispatcherServlet] in context with path [] threw exception [Request processing failed: java.lang.IllegalArgumentException: Key 'clientGenerator\equal\generationTimeMs' not found in configuration.] with root cause
java.lang.IllegalArgumentException: Key 'clientGenerator\equal\generationTimeMs' not found in configuration.
	at kpp.lab.railwaytickets.config.ConfigFileGetter.get(ConfigFileGetter.java:40)
	at kpp.lab.railwaytickets.validation.ConfigurationPropertiesValidator.validate(ConfigurationPropertiesValidator.java:14)
	at kpp.lab.railwaytickets.controllers.SimulationController.createTrainStation(SimulationController.java:35)
	at java.base/jdk.internal.reflect.DirectMethodHandleAccessor.invoke(DirectMethodHandleAccessor.java:103)
	at java.base/java.lang.reflect.Method.invoke(Method.java:580)
	at org.springframework.web.method.support.InvocableHandlerMethod.doInvoke(InvocableHandlerMethod.java:255)
	at org.springframework.web.method.support.InvocableHandlerMethod.invokeForRequest(InvocableHandlerMethod.java:188)
	at org.springframework.web.servlet.mvc.method.annotation.ServletInvocableHandlerMethod.invokeAndHandle(ServletInvocableHandlerMethod.java:118)
	at org.springframework.web.servlet.mvc.method.annotation.RequestMappingHandlerAdapter.invokeHandlerMethod(RequestMappingHandlerAdapter.java:926)
	at org.springframework.web.servlet.mvc.method.annotation.RequestMappingHandlerAdapter.handleInternal(RequestMappingHandlerAdapter.java:831)
	at org.springframework.web.servlet.mvc.method.AbstractHandlerMethodAdapter.handle(AbstractHandlerMethodAdapter.java:87)
	at org.springframework.web.servlet.DispatcherServlet.doDispatch(DispatcherServlet.java:1089)
	at org.springframework.web.servlet.DispatcherServlet.doService(DispatcherServlet.java:979)
	at org.springframework.web.servlet.FrameworkServlet.processRequest(FrameworkServlet.java:1014)
	at org.springframework.web.servlet.FrameworkServlet.doPost(FrameworkServlet.java:914)
	at jakarta.servlet.http.HttpServlet.service(HttpServlet.java:590)
	at org.springframework.web.servlet.FrameworkServlet.service(FrameworkServlet.java:885)
	at jakarta.servlet.http.HttpServlet.service(HttpServlet.java:658)
	at org.apache.catalina.core.ApplicationFilterChain.internalDoFilter(ApplicationFilterChain.java:195)
	at org.apache.catalina.core.ApplicationFilterChain.doFilter(ApplicationFilterChain.java:140)
	at org.apache.tomcat.websocket.server.WsFilter.doFilter(WsFilter.java:51)
	at org.apache.catalina.core.ApplicationFilterChain.internalDoFilter(ApplicationFilterChain.java:164)
	at org.apache.catalina.core.ApplicationFilterChain.doFilter(ApplicationFilterChain.java:140)
	at org.springframework.web.filter.RequestContextFilter.doFilterInternal(RequestContextFilter.java:100)
	at org.springframework.web.filter.OncePerRequestFilter.doFilter(OncePerRequestFilter.java:116)
	at org.apache.catalina.core.ApplicationFilterChain.internalDoFilter(ApplicationFilterChain.java:164)
	at org.apache.catalina.core.ApplicationFilterChain.doFilter(ApplicationFilterChain.java:140)
	at org.springframework.web.filter.FormContentFilter.doFilterInternal(FormContentFilter.java:93)
	at org.springframework.web.filter.OncePerRequestFilter.doFilter(OncePerRequestFilter.java:116)
	at org.apache.catalina.core.ApplicationFilterChain.internalDoFilter(ApplicationFilterChain.java:164)
	at org.apache.catalina.core.ApplicationFilterChain.doFilter(ApplicationFilterChain.java:140)
	at org.springframework.web.filter.CharacterEncodingFilter.doFilterInternal(CharacterEncodingFilter.java:201)
	at org.springframework.web.filter.OncePerRequestFilter.doFilter(OncePerRequestFilter.java:116)
	at org.apache.catalina.core.ApplicationFilterChain.internalDoFilter(ApplicationFilterChain.java:164)
	at org.apache.catalina.core.ApplicationFilterChain.doFilter(ApplicationFilterChain.java:140)
	at org.apache.catalina.core.StandardWrapperValve.invoke(StandardWrapperValve.java:167)
	at org.apache.catalina.core.StandardContextValve.invoke(StandardContextValve.java:90)
	at org.apache.catalina.authenticator.AuthenticatorBase.invoke(AuthenticatorBase.java:483)
	at org.apache.catalina.core.StandardHostValve.invoke(StandardHostValve.java:115)
	at org.apache.catalina.valves.ErrorReportValve.invoke(ErrorReportValve.java:93)
	at org.apache.catalina.core.StandardEngineValve.invoke(StandardEngineValve.java:74)
	at org.apache.catalina.connector.CoyoteAdapter.service(CoyoteAdapter.java:344)
	at org.apache.coyote.http11.Http11Processor.service(Http11Processor.java:384)
	at org.apache.coyote.AbstractProcessorLight.process(AbstractProcessorLight.java:63)
	at org.apache.coyote.AbstractProtocol$ConnectionHandler.process(AbstractProtocol.java:905)
	at org.apache.tomcat.util.net.NioEndpoint$SocketProcessor.doRun(NioEndpoint.java:1741)
	at org.apache.tomcat.util.net.SocketProcessorBase.run(SocketProcessorBase.java:52)
	at org.apache.tomcat.util.threads.ThreadPoolExecutor.runWorker(ThreadPoolExecutor.java:1190)
	at org.apache.tomcat.util.threads.ThreadPoolExecutor$Worker.run(ThreadPoolExecutor.java:659)
	at org.apache.tomcat.util.threads.TaskThread$WrappingRunnable.run(TaskThread.java:63)
	at java.base/java.lang.Thread.run(Thread.java:1575)
02:25:46.493 [restartedMain] INFO  k.l.r.RailwayTicketsApplication - Starting RailwayTicketsApplication using Java 23.0.1 with PID 7348 (D:\repos\KPP\Lab6\railwaytickets\target\classes started by w3stn in D:\repos\KPP\Lab6\railwaytickets)
02:25:46.495 [restartedMain] INFO  k.l.r.RailwayTicketsApplication - No active profile set, falling back to 1 default profile: "default"
02:25:46.584 [restartedMain] INFO  o.s.b.d.e.DevToolsPropertyDefaultsPostProcessor - Devtools property defaults active! Set 'spring.devtools.add-properties' to 'false' to disable
02:25:46.585 [restartedMain] INFO  o.s.b.d.e.DevToolsPropertyDefaultsPostProcessor - For additional web related logging consider setting the 'logging.level.web' property to 'DEBUG'
02:25:47.975 [restartedMain] INFO  o.s.b.w.e.tomcat.TomcatWebServer - Tomcat initialized with port 8080 (http)
02:25:47.986 [restartedMain] INFO  o.a.coyote.http11.Http11NioProtocol - Initializing ProtocolHandler ["http-nio-8080"]
02:25:47.990 [restartedMain] INFO  o.a.catalina.core.StandardService - Starting service [Tomcat]
02:25:47.990 [restartedMain] INFO  o.a.catalina.core.StandardEngine - Starting Servlet engine: [Apache Tomcat/10.1.30]
02:25:48.046 [restartedMain] INFO  o.a.c.c.C.[Tomcat].[localhost].[/] - Initializing Spring embedded WebApplicationContext
02:25:48.046 [restartedMain] INFO  o.s.b.w.s.c.ServletWebServerApplicationContext - Root WebApplicationContext: initialization completed in 1460 ms
02:25:48.226 [restartedMain] INFO  c.c.socketio.SocketIOServer - Session store / pubsub factory used: MemoryStoreFactory (local session store only)
02:25:48.424 [nioEventLoopGroup-2-1] INFO  c.c.socketio.SocketIOServer - SocketIO server started at port: 8082
02:25:49.057 [restartedMain] INFO  o.s.b.d.a.OptionalLiveReloadServer - LiveReload server is running on port 35729
02:25:49.076 [restartedMain] INFO  o.a.coyote.http11.Http11NioProtocol - Starting ProtocolHandler ["http-nio-8080"]
02:25:49.089 [restartedMain] INFO  o.s.b.w.e.tomcat.TomcatWebServer - Tomcat started on port 8080 (http) with context path '/'
02:25:49.101 [restartedMain] INFO  k.l.r.RailwayTicketsApplication - Started RailwayTicketsApplication in 3.063 seconds (process running for 4.142)
02:25:54.608 [http-nio-8080-exec-4] INFO  o.a.c.c.C.[Tomcat].[localhost].[/] - Initializing Spring DispatcherServlet 'dispatcherServlet'
02:25:54.608 [http-nio-8080-exec-4] INFO  o.s.web.servlet.DispatcherServlet - Initializing Servlet 'dispatcherServlet'
02:25:54.609 [http-nio-8080-exec-4] INFO  o.s.web.servlet.DispatcherServlet - Completed initialization in 1 ms
02:25:56.941 [http-nio-8080-exec-3] ERROR k.l.r.RailwayTicketsApplication - Configuration key not found in the configuration tickets.minClientTicketsNumber.
02:25:56.943 [http-nio-8080-exec-3] ERROR o.a.c.c.C.[.[.[.[dispatcherServlet] - Servlet.service() for servlet [dispatcherServlet] in context with path [] threw exception [Request processing failed: java.lang.IllegalArgumentException: Key 'tickets.minClientTicketsNumber' not found in configuration.] with root cause
java.lang.IllegalArgumentException: Key 'tickets.minClientTicketsNumber' not found in configuration.
	at kpp.lab.railwaytickets.config.ConfigFileGetter.get(ConfigFileGetter.java:40)
	at kpp.lab.railwaytickets.validation.ConfigurationPropertiesValidator.validate(ConfigurationPropertiesValidator.java:21)
	at kpp.lab.railwaytickets.controllers.SimulationController.createTrainStation(SimulationController.java:35)
	at java.base/jdk.internal.reflect.DirectMethodHandleAccessor.invoke(DirectMethodHandleAccessor.java:103)
	at java.base/java.lang.reflect.Method.invoke(Method.java:580)
	at org.springframework.web.method.support.InvocableHandlerMethod.doInvoke(InvocableHandlerMethod.java:255)
	at org.springframework.web.method.support.InvocableHandlerMethod.invokeForRequest(InvocableHandlerMethod.java:188)
	at org.springframework.web.servlet.mvc.method.annotation.ServletInvocableHandlerMethod.invokeAndHandle(ServletInvocableHandlerMethod.java:118)
	at org.springframework.web.servlet.mvc.method.annotation.RequestMappingHandlerAdapter.invokeHandlerMethod(RequestMappingHandlerAdapter.java:926)
	at org.springframework.web.servlet.mvc.method.annotation.RequestMappingHandlerAdapter.handleInternal(RequestMappingHandlerAdapter.java:831)
	at org.springframework.web.servlet.mvc.method.AbstractHandlerMethodAdapter.handle(AbstractHandlerMethodAdapter.java:87)
	at org.springframework.web.servlet.DispatcherServlet.doDispatch(DispatcherServlet.java:1089)
	at org.springframework.web.servlet.DispatcherServlet.doService(DispatcherServlet.java:979)
	at org.springframework.web.servlet.FrameworkServlet.processRequest(FrameworkServlet.java:1014)
	at org.springframework.web.servlet.FrameworkServlet.doPost(FrameworkServlet.java:914)
	at jakarta.servlet.http.HttpServlet.service(HttpServlet.java:590)
	at org.springframework.web.servlet.FrameworkServlet.service(FrameworkServlet.java:885)
	at jakarta.servlet.http.HttpServlet.service(HttpServlet.java:658)
	at org.apache.catalina.core.ApplicationFilterChain.internalDoFilter(ApplicationFilterChain.java:195)
	at org.apache.catalina.core.ApplicationFilterChain.doFilter(ApplicationFilterChain.java:140)
	at org.apache.tomcat.websocket.server.WsFilter.doFilter(WsFilter.java:51)
	at org.apache.catalina.core.ApplicationFilterChain.internalDoFilter(ApplicationFilterChain.java:164)
	at org.apache.catalina.core.ApplicationFilterChain.doFilter(ApplicationFilterChain.java:140)
	at org.springframework.web.filter.RequestContextFilter.doFilterInternal(RequestContextFilter.java:100)
	at org.springframework.web.filter.OncePerRequestFilter.doFilter(OncePerRequestFilter.java:116)
	at org.apache.catalina.core.ApplicationFilterChain.internalDoFilter(ApplicationFilterChain.java:164)
	at org.apache.catalina.core.ApplicationFilterChain.doFilter(ApplicationFilterChain.java:140)
	at org.springframework.web.filter.FormContentFilter.doFilterInternal(FormContentFilter.java:93)
	at org.springframework.web.filter.OncePerRequestFilter.doFilter(OncePerRequestFilter.java:116)
	at org.apache.catalina.core.ApplicationFilterChain.internalDoFilter(ApplicationFilterChain.java:164)
	at org.apache.catalina.core.ApplicationFilterChain.doFilter(ApplicationFilterChain.java:140)
	at org.springframework.web.filter.CharacterEncodingFilter.doFilterInternal(CharacterEncodingFilter.java:201)
	at org.springframework.web.filter.OncePerRequestFilter.doFilter(OncePerRequestFilter.java:116)
	at org.apache.catalina.core.ApplicationFilterChain.internalDoFilter(ApplicationFilterChain.java:164)
	at org.apache.catalina.core.ApplicationFilterChain.doFilter(ApplicationFilterChain.java:140)
	at org.apache.catalina.core.StandardWrapperValve.invoke(StandardWrapperValve.java:167)
	at org.apache.catalina.core.StandardContextValve.invoke(StandardContextValve.java:90)
	at org.apache.catalina.authenticator.AuthenticatorBase.invoke(AuthenticatorBase.java:483)
	at org.apache.catalina.core.StandardHostValve.invoke(StandardHostValve.java:115)
	at org.apache.catalina.valves.ErrorReportValve.invoke(ErrorReportValve.java:93)
	at org.apache.catalina.core.StandardEngineValve.invoke(StandardEngineValve.java:74)
	at org.apache.catalina.connector.CoyoteAdapter.service(CoyoteAdapter.java:344)
	at org.apache.coyote.http11.Http11Processor.service(Http11Processor.java:384)
	at org.apache.coyote.AbstractProcessorLight.process(AbstractProcessorLight.java:63)
	at org.apache.coyote.AbstractProtocol$ConnectionHandler.process(AbstractProtocol.java:905)
	at org.apache.tomcat.util.net.NioEndpoint$SocketProcessor.doRun(NioEndpoint.java:1741)
	at org.apache.tomcat.util.net.SocketProcessorBase.run(SocketProcessorBase.java:52)
	at org.apache.tomcat.util.threads.ThreadPoolExecutor.runWorker(ThreadPoolExecutor.java:1190)
	at org.apache.tomcat.util.threads.ThreadPoolExecutor$Worker.run(ThreadPoolExecutor.java:659)
	at org.apache.tomcat.util.threads.TaskThread$WrappingRunnable.run(TaskThread.java:63)
	at java.base/java.lang.Thread.run(Thread.java:1575)
02:29:43.275 [restartedMain] INFO  k.l.r.RailwayTicketsApplication - Starting RailwayTicketsApplication using Java 23.0.1 with PID 13136 (D:\repos\KPP\Lab6\railwaytickets\target\classes started by w3stn in D:\repos\KPP\Lab6\railwaytickets)
02:29:43.278 [restartedMain] INFO  k.l.r.RailwayTicketsApplication - No active profile set, falling back to 1 default profile: "default"
02:29:43.375 [restartedMain] INFO  o.s.b.d.e.DevToolsPropertyDefaultsPostProcessor - Devtools property defaults active! Set 'spring.devtools.add-properties' to 'false' to disable
02:29:43.375 [restartedMain] INFO  o.s.b.d.e.DevToolsPropertyDefaultsPostProcessor - For additional web related logging consider setting the 'logging.level.web' property to 'DEBUG'
02:29:44.636 [restartedMain] INFO  o.s.b.w.e.tomcat.TomcatWebServer - Tomcat initialized with port 8080 (http)
02:29:44.650 [restartedMain] INFO  o.a.coyote.http11.Http11NioProtocol - Initializing ProtocolHandler ["http-nio-8080"]
02:29:44.654 [restartedMain] INFO  o.a.catalina.core.StandardService - Starting service [Tomcat]
02:29:44.654 [restartedMain] INFO  o.a.catalina.core.StandardEngine - Starting Servlet engine: [Apache Tomcat/10.1.30]
02:29:44.708 [restartedMain] INFO  o.a.c.c.C.[Tomcat].[localhost].[/] - Initializing Spring embedded WebApplicationContext
02:29:44.708 [restartedMain] INFO  o.s.b.w.s.c.ServletWebServerApplicationContext - Root WebApplicationContext: initialization completed in 1332 ms
02:29:44.906 [restartedMain] INFO  c.c.socketio.SocketIOServer - Session store / pubsub factory used: MemoryStoreFactory (local session store only)
02:29:45.119 [nioEventLoopGroup-2-1] INFO  c.c.socketio.SocketIOServer - SocketIO server started at port: 8082
02:29:45.805 [restartedMain] INFO  o.s.b.d.a.OptionalLiveReloadServer - LiveReload server is running on port 35729
02:29:45.824 [restartedMain] INFO  o.a.coyote.http11.Http11NioProtocol - Starting ProtocolHandler ["http-nio-8080"]
02:29:45.836 [restartedMain] INFO  o.s.b.w.e.tomcat.TomcatWebServer - Tomcat started on port 8080 (http) with context path '/'
02:29:45.845 [restartedMain] INFO  k.l.r.RailwayTicketsApplication - Started RailwayTicketsApplication in 3.058 seconds (process running for 4.079)
02:29:52.801 [http-nio-8080-exec-2] INFO  o.a.c.c.C.[Tomcat].[localhost].[/] - Initializing Spring DispatcherServlet 'dispatcherServlet'
02:29:52.801 [http-nio-8080-exec-2] INFO  o.s.web.servlet.DispatcherServlet - Initializing Servlet 'dispatcherServlet'
02:29:52.801 [http-nio-8080-exec-2] INFO  o.s.web.servlet.DispatcherServlet - Completed initialization in 0 ms
02:29:55.327 [http-nio-8080-exec-3] ERROR k.l.r.RailwayTicketsApplication - Configuration key not found in the configuration decorator.soldierDecoratorChance.
02:29:55.329 [http-nio-8080-exec-3] ERROR o.a.c.c.C.[.[.[.[dispatcherServlet] - Servlet.service() for servlet [dispatcherServlet] in context with path [] threw exception [Request processing failed: java.lang.IllegalArgumentException: Key 'decorator.soldierDecoratorChance' not found in configuration.] with root cause
java.lang.IllegalArgumentException: Key 'decorator.soldierDecoratorChance' not found in configuration.
	at kpp.lab.railwaytickets.config.ConfigFileGetter.get(ConfigFileGetter.java:40)
	at kpp.lab.railwaytickets.validation.ConfigurationPropertiesValidator.validate(ConfigurationPropertiesValidator.java:25)
	at kpp.lab.railwaytickets.controllers.SimulationController.createTrainStation(SimulationController.java:35)
	at java.base/jdk.internal.reflect.DirectMethodHandleAccessor.invoke(DirectMethodHandleAccessor.java:103)
	at java.base/java.lang.reflect.Method.invoke(Method.java:580)
	at org.springframework.web.method.support.InvocableHandlerMethod.doInvoke(InvocableHandlerMethod.java:255)
	at org.springframework.web.method.support.InvocableHandlerMethod.invokeForRequest(InvocableHandlerMethod.java:188)
	at org.springframework.web.servlet.mvc.method.annotation.ServletInvocableHandlerMethod.invokeAndHandle(ServletInvocableHandlerMethod.java:118)
	at org.springframework.web.servlet.mvc.method.annotation.RequestMappingHandlerAdapter.invokeHandlerMethod(RequestMappingHandlerAdapter.java:926)
	at org.springframework.web.servlet.mvc.method.annotation.RequestMappingHandlerAdapter.handleInternal(RequestMappingHandlerAdapter.java:831)
	at org.springframework.web.servlet.mvc.method.AbstractHandlerMethodAdapter.handle(AbstractHandlerMethodAdapter.java:87)
	at org.springframework.web.servlet.DispatcherServlet.doDispatch(DispatcherServlet.java:1089)
	at org.springframework.web.servlet.DispatcherServlet.doService(DispatcherServlet.java:979)
	at org.springframework.web.servlet.FrameworkServlet.processRequest(FrameworkServlet.java:1014)
	at org.springframework.web.servlet.FrameworkServlet.doPost(FrameworkServlet.java:914)
	at jakarta.servlet.http.HttpServlet.service(HttpServlet.java:590)
	at org.springframework.web.servlet.FrameworkServlet.service(FrameworkServlet.java:885)
	at jakarta.servlet.http.HttpServlet.service(HttpServlet.java:658)
	at org.apache.catalina.core.ApplicationFilterChain.internalDoFilter(ApplicationFilterChain.java:195)
	at org.apache.catalina.core.ApplicationFilterChain.doFilter(ApplicationFilterChain.java:140)
	at org.apache.tomcat.websocket.server.WsFilter.doFilter(WsFilter.java:51)
	at org.apache.catalina.core.ApplicationFilterChain.internalDoFilter(ApplicationFilterChain.java:164)
	at org.apache.catalina.core.ApplicationFilterChain.doFilter(ApplicationFilterChain.java:140)
	at org.springframework.web.filter.RequestContextFilter.doFilterInternal(RequestContextFilter.java:100)
	at org.springframework.web.filter.OncePerRequestFilter.doFilter(OncePerRequestFilter.java:116)
	at org.apache.catalina.core.ApplicationFilterChain.internalDoFilter(ApplicationFilterChain.java:164)
	at org.apache.catalina.core.ApplicationFilterChain.doFilter(ApplicationFilterChain.java:140)
	at org.springframework.web.filter.FormContentFilter.doFilterInternal(FormContentFilter.java:93)
	at org.springframework.web.filter.OncePerRequestFilter.doFilter(OncePerRequestFilter.java:116)
	at org.apache.catalina.core.ApplicationFilterChain.internalDoFilter(ApplicationFilterChain.java:164)
	at org.apache.catalina.core.ApplicationFilterChain.doFilter(ApplicationFilterChain.java:140)
	at org.springframework.web.filter.CharacterEncodingFilter.doFilterInternal(CharacterEncodingFilter.java:201)
	at org.springframework.web.filter.OncePerRequestFilter.doFilter(OncePerRequestFilter.java:116)
	at org.apache.catalina.core.ApplicationFilterChain.internalDoFilter(ApplicationFilterChain.java:164)
	at org.apache.catalina.core.ApplicationFilterChain.doFilter(ApplicationFilterChain.java:140)
	at org.apache.catalina.core.StandardWrapperValve.invoke(StandardWrapperValve.java:167)
	at org.apache.catalina.core.StandardContextValve.invoke(StandardContextValve.java:90)
	at org.apache.catalina.authenticator.AuthenticatorBase.invoke(AuthenticatorBase.java:483)
	at org.apache.catalina.core.StandardHostValve.invoke(StandardHostValve.java:115)
	at org.apache.catalina.valves.ErrorReportValve.invoke(ErrorReportValve.java:93)
	at org.apache.catalina.core.StandardEngineValve.invoke(StandardEngineValve.java:74)
	at org.apache.catalina.connector.CoyoteAdapter.service(CoyoteAdapter.java:344)
	at org.apache.coyote.http11.Http11Processor.service(Http11Processor.java:384)
	at org.apache.coyote.AbstractProcessorLight.process(AbstractProcessorLight.java:63)
	at org.apache.coyote.AbstractProtocol$ConnectionHandler.process(AbstractProtocol.java:905)
	at org.apache.tomcat.util.net.NioEndpoint$SocketProcessor.doRun(NioEndpoint.java:1741)
	at org.apache.tomcat.util.net.SocketProcessorBase.run(SocketProcessorBase.java:52)
	at org.apache.tomcat.util.threads.ThreadPoolExecutor.runWorker(ThreadPoolExecutor.java:1190)
	at org.apache.tomcat.util.threads.ThreadPoolExecutor$Worker.run(ThreadPoolExecutor.java:659)
	at org.apache.tomcat.util.threads.TaskThread$WrappingRunnable.run(TaskThread.java:63)
	at java.base/java.lang.Thread.run(Thread.java:1575)
02:30:41.511 [restartedMain] INFO  k.l.r.RailwayTicketsApplication - Starting RailwayTicketsApplication using Java 23.0.1 with PID 31740 (D:\repos\KPP\Lab6\railwaytickets\target\classes started by w3stn in D:\repos\KPP\Lab6\railwaytickets)
02:30:41.513 [restartedMain] INFO  k.l.r.RailwayTicketsApplication - No active profile set, falling back to 1 default profile: "default"
02:30:41.589 [restartedMain] INFO  o.s.b.d.e.DevToolsPropertyDefaultsPostProcessor - Devtools property defaults active! Set 'spring.devtools.add-properties' to 'false' to disable
02:30:41.589 [restartedMain] INFO  o.s.b.d.e.DevToolsPropertyDefaultsPostProcessor - For additional web related logging consider setting the 'logging.level.web' property to 'DEBUG'
02:30:43.336 [restartedMain] INFO  o.s.b.w.e.tomcat.TomcatWebServer - Tomcat initialized with port 8080 (http)
02:30:43.350 [restartedMain] INFO  o.a.coyote.http11.Http11NioProtocol - Initializing ProtocolHandler ["http-nio-8080"]
02:30:43.356 [restartedMain] INFO  o.a.catalina.core.StandardService - Starting service [Tomcat]
02:30:43.357 [restartedMain] INFO  o.a.catalina.core.StandardEngine - Starting Servlet engine: [Apache Tomcat/10.1.30]
02:30:43.430 [restartedMain] INFO  o.a.c.c.C.[Tomcat].[localhost].[/] - Initializing Spring embedded WebApplicationContext
02:30:43.431 [restartedMain] INFO  o.s.b.w.s.c.ServletWebServerApplicationContext - Root WebApplicationContext: initialization completed in 1842 ms
02:31:30.819 [restartedMain] INFO  c.c.socketio.SocketIOServer - Session store / pubsub factory used: MemoryStoreFactory (local session store only)
02:31:31.752 [nioEventLoopGroup-2-1] INFO  c.c.socketio.SocketIOServer - SocketIO server started at port: 8082
02:31:36.883 [restartedMain] INFO  o.s.b.d.a.OptionalLiveReloadServer - LiveReload server is running on port 35729
02:31:42.529 [restartedMain] INFO  o.a.coyote.http11.Http11NioProtocol - Starting ProtocolHandler ["http-nio-8080"]
02:31:42.567 [restartedMain] INFO  o.s.b.w.e.tomcat.TomcatWebServer - Tomcat started on port 8080 (http) with context path '/'
02:31:45.277 [restartedMain] INFO  k.l.r.RailwayTicketsApplication - Started RailwayTicketsApplication in 64.193 seconds (process running for 67.24)
02:31:56.025 [http-nio-8080-exec-2] INFO  o.a.c.c.C.[Tomcat].[localhost].[/] - Initializing Spring DispatcherServlet 'dispatcherServlet'
02:31:56.026 [http-nio-8080-exec-2] INFO  o.s.web.servlet.DispatcherServlet - Initializing Servlet 'dispatcherServlet'
02:31:56.029 [http-nio-8080-exec-2] INFO  o.s.web.servlet.DispatcherServlet - Completed initialization in 1 ms
02:33:39.934 [http-nio-8080-exec-3] ERROR k.l.r.RailwayTicketsApplication - Configuration key not found in the configuration decorator.soldierDecoratorChance.
02:33:39.939 [http-nio-8080-exec-3] ERROR o.a.c.c.C.[.[.[.[dispatcherServlet] - Servlet.service() for servlet [dispatcherServlet] in context with path [] threw exception [Request processing failed: java.lang.IllegalArgumentException: Key 'decorator.soldierDecoratorChance' not found in configuration.] with root cause
java.lang.IllegalArgumentException: Key 'decorator.soldierDecoratorChance' not found in configuration.
	at kpp.lab.railwaytickets.config.ConfigFileGetter.get(ConfigFileGetter.java:40)
	at kpp.lab.railwaytickets.validation.ConfigurationPropertiesValidator.validate(ConfigurationPropertiesValidator.java:25)
	at kpp.lab.railwaytickets.controllers.SimulationController.createTrainStation(SimulationController.java:35)
	at java.base/jdk.internal.reflect.DirectMethodHandleAccessor.invoke(DirectMethodHandleAccessor.java:103)
	at java.base/java.lang.reflect.Method.invoke(Method.java:580)
	at org.springframework.web.method.support.InvocableHandlerMethod.doInvoke(InvocableHandlerMethod.java:255)
	at org.springframework.web.method.support.InvocableHandlerMethod.invokeForRequest(InvocableHandlerMethod.java:188)
	at org.springframework.web.servlet.mvc.method.annotation.ServletInvocableHandlerMethod.invokeAndHandle(ServletInvocableHandlerMethod.java:118)
	at org.springframework.web.servlet.mvc.method.annotation.RequestMappingHandlerAdapter.invokeHandlerMethod(RequestMappingHandlerAdapter.java:926)
	at org.springframework.web.servlet.mvc.method.annotation.RequestMappingHandlerAdapter.handleInternal(RequestMappingHandlerAdapter.java:831)
	at org.springframework.web.servlet.mvc.method.AbstractHandlerMethodAdapter.handle(AbstractHandlerMethodAdapter.java:87)
	at org.springframework.web.servlet.DispatcherServlet.doDispatch(DispatcherServlet.java:1089)
	at org.springframework.web.servlet.DispatcherServlet.doService(DispatcherServlet.java:979)
	at org.springframework.web.servlet.FrameworkServlet.processRequest(FrameworkServlet.java:1014)
	at org.springframework.web.servlet.FrameworkServlet.doPost(FrameworkServlet.java:914)
	at jakarta.servlet.http.HttpServlet.service(HttpServlet.java:590)
	at org.springframework.web.servlet.FrameworkServlet.service(FrameworkServlet.java:885)
	at jakarta.servlet.http.HttpServlet.service(HttpServlet.java:658)
	at org.apache.catalina.core.ApplicationFilterChain.internalDoFilter(ApplicationFilterChain.java:195)
	at org.apache.catalina.core.ApplicationFilterChain.doFilter(ApplicationFilterChain.java:140)
	at org.apache.tomcat.websocket.server.WsFilter.doFilter(WsFilter.java:51)
	at org.apache.catalina.core.ApplicationFilterChain.internalDoFilter(ApplicationFilterChain.java:164)
	at org.apache.catalina.core.ApplicationFilterChain.doFilter(ApplicationFilterChain.java:140)
	at org.springframework.web.filter.RequestContextFilter.doFilterInternal(RequestContextFilter.java:100)
	at org.springframework.web.filter.OncePerRequestFilter.doFilter(OncePerRequestFilter.java:116)
	at org.apache.catalina.core.ApplicationFilterChain.internalDoFilter(ApplicationFilterChain.java:164)
	at org.apache.catalina.core.ApplicationFilterChain.doFilter(ApplicationFilterChain.java:140)
	at org.springframework.web.filter.FormContentFilter.doFilterInternal(FormContentFilter.java:93)
	at org.springframework.web.filter.OncePerRequestFilter.doFilter(OncePerRequestFilter.java:116)
	at org.apache.catalina.core.ApplicationFilterChain.internalDoFilter(ApplicationFilterChain.java:164)
	at org.apache.catalina.core.ApplicationFilterChain.doFilter(ApplicationFilterChain.java:140)
	at org.springframework.web.filter.CharacterEncodingFilter.doFilterInternal(CharacterEncodingFilter.java:201)
	at org.springframework.web.filter.OncePerRequestFilter.doFilter(OncePerRequestFilter.java:116)
	at org.apache.catalina.core.ApplicationFilterChain.internalDoFilter(ApplicationFilterChain.java:164)
	at org.apache.catalina.core.ApplicationFilterChain.doFilter(ApplicationFilterChain.java:140)
	at org.apache.catalina.core.StandardWrapperValve.invoke(StandardWrapperValve.java:167)
	at org.apache.catalina.core.StandardContextValve.invoke(StandardContextValve.java:90)
	at org.apache.catalina.authenticator.AuthenticatorBase.invoke(AuthenticatorBase.java:483)
	at org.apache.catalina.core.StandardHostValve.invoke(StandardHostValve.java:115)
	at org.apache.catalina.valves.ErrorReportValve.invoke(ErrorReportValve.java:93)
	at org.apache.catalina.core.StandardEngineValve.invoke(StandardEngineValve.java:74)
	at org.apache.catalina.connector.CoyoteAdapter.service(CoyoteAdapter.java:344)
	at org.apache.coyote.http11.Http11Processor.service(Http11Processor.java:384)
	at org.apache.coyote.AbstractProcessorLight.process(AbstractProcessorLight.java:63)
	at org.apache.coyote.AbstractProtocol$ConnectionHandler.process(AbstractProtocol.java:905)
	at org.apache.tomcat.util.net.NioEndpoint$SocketProcessor.doRun(NioEndpoint.java:1741)
	at org.apache.tomcat.util.net.SocketProcessorBase.run(SocketProcessorBase.java:52)
	at org.apache.tomcat.util.threads.ThreadPoolExecutor.runWorker(ThreadPoolExecutor.java:1190)
	at org.apache.tomcat.util.threads.ThreadPoolExecutor$Worker.run(ThreadPoolExecutor.java:659)
	at org.apache.tomcat.util.threads.TaskThread$WrappingRunnable.run(TaskThread.java:63)
	at java.base/java.lang.Thread.run(Thread.java:1575)
02:33:55.865 [restartedMain] INFO  k.l.r.RailwayTicketsApplication - Starting RailwayTicketsApplication using Java 23.0.1 with PID 14532 (D:\repos\KPP\Lab6\railwaytickets\target\classes started by w3stn in D:\repos\KPP\Lab6\railwaytickets)
02:33:55.867 [restartedMain] INFO  k.l.r.RailwayTicketsApplication - No active profile set, falling back to 1 default profile: "default"
02:33:55.981 [restartedMain] INFO  o.s.b.d.e.DevToolsPropertyDefaultsPostProcessor - Devtools property defaults active! Set 'spring.devtools.add-properties' to 'false' to disable
02:33:55.983 [restartedMain] INFO  o.s.b.d.e.DevToolsPropertyDefaultsPostProcessor - For additional web related logging consider setting the 'logging.level.web' property to 'DEBUG'
02:33:57.513 [restartedMain] INFO  o.s.b.w.e.tomcat.TomcatWebServer - Tomcat initialized with port 8080 (http)
02:33:57.536 [restartedMain] INFO  o.a.coyote.http11.Http11NioProtocol - Initializing ProtocolHandler ["http-nio-8080"]
02:33:57.540 [restartedMain] INFO  o.a.catalina.core.StandardService - Starting service [Tomcat]
02:33:57.542 [restartedMain] INFO  o.a.catalina.core.StandardEngine - Starting Servlet engine: [Apache Tomcat/10.1.30]
02:33:57.605 [restartedMain] INFO  o.a.c.c.C.[Tomcat].[localhost].[/] - Initializing Spring embedded WebApplicationContext
02:33:57.606 [restartedMain] INFO  o.s.b.w.s.c.ServletWebServerApplicationContext - Root WebApplicationContext: initialization completed in 1622 ms
02:36:08.138 [restartedMain] INFO  c.c.socketio.SocketIOServer - Session store / pubsub factory used: MemoryStoreFactory (local session store only)
02:36:08.349 [nioEventLoopGroup-2-1] INFO  c.c.socketio.SocketIOServer - SocketIO server started at port: 8082
02:36:08.899 [restartedMain] INFO  o.s.b.d.a.OptionalLiveReloadServer - LiveReload server is running on port 35729
02:36:08.925 [restartedMain] INFO  o.s.b.w.e.tomcat.TomcatWebServer - Tomcat started on port 8080 (http) with context path '/'
02:36:08.933 [restartedMain] INFO  k.l.r.RailwayTicketsApplication - Started RailwayTicketsApplication in 133.561 seconds (process running for 134.976)
02:36:28.168 [restartedMain] INFO  k.l.r.RailwayTicketsApplication - Starting RailwayTicketsApplication using Java 23.0.1 with PID 26496 (D:\repos\KPP\Lab6\railwaytickets\target\classes started by w3stn in D:\repos\KPP\Lab6\railwaytickets)
02:36:28.170 [restartedMain] INFO  k.l.r.RailwayTicketsApplication - No active profile set, falling back to 1 default profile: "default"
02:36:28.243 [restartedMain] INFO  o.s.b.d.e.DevToolsPropertyDefaultsPostProcessor - Devtools property defaults active! Set 'spring.devtools.add-properties' to 'false' to disable
02:36:28.243 [restartedMain] INFO  o.s.b.d.e.DevToolsPropertyDefaultsPostProcessor - For additional web related logging consider setting the 'logging.level.web' property to 'DEBUG'
02:36:29.518 [restartedMain] INFO  o.s.b.w.e.tomcat.TomcatWebServer - Tomcat initialized with port 8080 (http)
02:36:29.531 [restartedMain] INFO  o.a.coyote.http11.Http11NioProtocol - Initializing ProtocolHandler ["http-nio-8080"]
02:36:29.535 [restartedMain] INFO  o.a.catalina.core.StandardService - Starting service [Tomcat]
02:36:29.536 [restartedMain] INFO  o.a.catalina.core.StandardEngine - Starting Servlet engine: [Apache Tomcat/10.1.30]
02:36:29.594 [restartedMain] INFO  o.a.c.c.C.[Tomcat].[localhost].[/] - Initializing Spring embedded WebApplicationContext
02:36:29.594 [restartedMain] INFO  o.s.b.w.s.c.ServletWebServerApplicationContext - Root WebApplicationContext: initialization completed in 1351 ms
02:36:29.785 [restartedMain] INFO  c.c.socketio.SocketIOServer - Session store / pubsub factory used: MemoryStoreFactory (local session store only)
02:36:30.016 [nioEventLoopGroup-2-1] INFO  c.c.socketio.SocketIOServer - SocketIO server started at port: 8082
02:36:30.601 [restartedMain] INFO  o.s.b.d.a.OptionalLiveReloadServer - LiveReload server is running on port 35729
02:36:30.619 [restartedMain] INFO  o.a.coyote.http11.Http11NioProtocol - Starting ProtocolHandler ["http-nio-8080"]
02:36:30.629 [restartedMain] INFO  o.s.b.w.e.tomcat.TomcatWebServer - Tomcat started on port 8080 (http) with context path '/'
02:36:30.639 [restartedMain] INFO  k.l.r.RailwayTicketsApplication - Started RailwayTicketsApplication in 2.95 seconds (process running for 4.134)
02:36:53.674 [http-nio-8080-exec-1] INFO  o.a.c.c.C.[Tomcat].[localhost].[/] - Initializing Spring DispatcherServlet 'dispatcherServlet'
02:36:53.676 [http-nio-8080-exec-1] INFO  o.s.web.servlet.DispatcherServlet - Initializing Servlet 'dispatcherServlet'
02:36:53.677 [http-nio-8080-exec-1] INFO  o.s.web.servlet.DispatcherServlet - Completed initialization in 0 ms
02:37:00.320 [nioEventLoopGroup-3-1] INFO  k.l.r.RailwayTicketsApplication - Client connected - ID: 378f4407-de10-41db-a2e1-10e57904d8df
02:37:15.060 [nioEventLoopGroup-3-1] INFO  k.l.r.RailwayTicketsApplication - Received << start_simulation >> from client: 378f4407-de10-41db-a2e1-10e57904d8df
02:37:15.087 [pool-3-thread-1] INFO  k.l.r.RailwayTicketsApplication - Generating client. It takes around 2000 milliseconds.
02:37:17.102 [pool-3-thread-1] INFO  k.l.r.RailwayTicketsApplication - Generating client. It takes around 2010 milliseconds.
02:37:19.127 [pool-3-thread-1] INFO  k.l.r.RailwayTicketsApplication - Generating client. It takes around 2020 milliseconds.
02:37:21.151 [pool-3-thread-1] INFO  k.l.r.RailwayTicketsApplication - Generating client. It takes around 2030 milliseconds.
02:37:23.185 [pool-3-thread-1] INFO  k.l.r.RailwayTicketsApplication - Generating client. It takes around 2040 milliseconds.
02:37:25.240 [pool-3-thread-1] INFO  k.l.r.RailwayTicketsApplication - Generating client. It takes around 2050 milliseconds.
02:37:27.291 [pool-3-thread-1] INFO  k.l.r.RailwayTicketsApplication - Generating client. It takes around 2060 milliseconds.
02:37:29.354 [pool-3-thread-1] INFO  k.l.r.RailwayTicketsApplication - Generating client. It takes around 2070 milliseconds.
02:37:31.437 [pool-3-thread-1] INFO  k.l.r.RailwayTicketsApplication - Generating client. It takes around 2080 milliseconds.
02:37:33.532 [pool-3-thread-1] INFO  k.l.r.RailwayTicketsApplication - Generating client. It takes around 2090 milliseconds.
02:37:35.633 [pool-3-thread-1] INFO  k.l.r.RailwayTicketsApplication - Generating client. It takes around 2100 milliseconds.
02:37:37.740 [pool-3-thread-1] INFO  k.l.r.RailwayTicketsApplication - Generating client. It takes around 2110 milliseconds.
02:39:01.876 [pool-3-thread-1] INFO  k.l.r.RailwayTicketsApplication - Generating client. It takes around 2120 milliseconds.
02:39:03.997 [pool-3-thread-1] INFO  k.l.r.RailwayTicketsApplication - Generating client. It takes around 2130 milliseconds.
02:39:06.129 [pool-3-thread-1] INFO  k.l.r.RailwayTicketsApplication - Generating client. It takes around 2140 milliseconds.
02:39:08.270 [pool-3-thread-1] INFO  k.l.r.RailwayTicketsApplication - Generating client. It takes around 2150 milliseconds.
02:39:10.422 [pool-3-thread-1] INFO  k.l.r.RailwayTicketsApplication - Generating client. It takes around 2160 milliseconds.
02:40:01.296 [nioEventLoopGroup-3-1] INFO  k.l.r.RailwayTicketsApplication - Client disconnected - ID: 378f4407-de10-41db-a2e1-10e57904d8df
